<?xml version="1.0" encoding="UTF-8"?>
<!-- Generated by org.testng.reporters.JUnitReportReporter -->
<testsuite skipped="0" hostname="Shankuls-MacBook-Pro.local" name="com.pickMySolar.tests.GoogleDriveHandling" tests="5" failures="0" timestamp="2021-06-16T01:27:53 IST" time="12.683" errors="0">
  <testcase name="createFolderInGoogleDrive" time="3.496" classname="com.pickMySolar.tests.GoogleDriveHandling"/>
  <testcase name="createFileInsideFolder" time="1.299" classname="com.pickMySolar.tests.GoogleDriveHandling"/>
  <testcase name="getafileFromFolder" time="0.755" classname="com.pickMySolar.tests.GoogleDriveHandling"/>
  <testcase name="deletefileFromFolder" time="2.372" classname="com.pickMySolar.tests.GoogleDriveHandling"/>
  <testcase name="deleteFolderfromDrive" time="4.761" classname="com.pickMySolar.tests.GoogleDriveHandling"/>
</testsuite> <!-- com.pickMySolar.tests.GoogleDriveHandling -->
